<?xml version="1.0" encoding="UTF-8"?>
<!-- Generated by org.testng.reporters.JUnitXMLReporter -->
<testsuite ignored="5" hostname="LP398" failures="0" tests="1" name="Default test" time="6.299" errors="0" timestamp="06 Aug 2024 12:08:05 GMT">
  <testcase classname="com.sample.tests.NegativeTest" name="checkMissingName" time="0.961"/>
  <testcase classname="com.sample.tests.NegativeTest" name="checkResetbutton" time="0.0">
    <ignored/>
  </testcase> <!-- checkResetbutton -->
  <testcase classname="com.sample.tests.NegativeTest" name="checkCreditCardRadiobutton" time="0.0">
    <ignored/>
  </testcase> <!-- checkCreditCardRadiobutton -->
  <testcase classname="com.sample.tests.NegativeTest" name="checkMissingPhoneNum" time="0.0">
    <ignored/>
  </testcase> <!-- checkMissingPhoneNum -->
  <testcase classname="com.sample.tests.NegativeTest" name="checkCashonPickupRadiobutton" time="0.0">
    <ignored/>
  </testcase> <!-- checkCashonPickupRadiobutton -->
  <testcase classname="com.sample.tests.NegativeTest" name="checkmaxLength" time="0.0">
    <ignored/>
  </testcase> <!-- checkmaxLength -->
</testsuite> <!-- Default test -->
