<?xml version="1.0" encoding="UTF-8"?>
<testng-results ignored="5" total="6" passed="1" failed="0" skipped="0">
  <reporter-output>
  </reporter-output>
  <suite started-at="2024-08-06T12:07:59Z" name="Default suite" finished-at="2024-08-06T12:08:05Z" duration-ms="6299">
    <groups>
    </groups>
    <test started-at="2024-08-06T12:07:59Z" name="Default test" finished-at="2024-08-06T12:08:05Z" duration-ms="6299">
      <class name="com.sample.tests.NegativeTest">
        <test-method is-config="true" signature="init()[pri:0, instance:com.sample.tests.NegativeTest@74960bfa]" started-at="2024-08-06T12:07:59Z" name="init" finished-at="2024-08-06T12:08:04Z" duration-ms="4632" status="PASS">
          <reporter-output>
          </reporter-output>
        </test-method> <!-- init -->
        <test-method is-config="true" signature="beforeMethod(java.lang.reflect.Method)[pri:0, instance:com.sample.tests.NegativeTest@74960bfa]" started-at="2024-08-06T12:08:04Z" name="beforeMethod" finished-at="2024-08-06T12:08:04Z" duration-ms="8" status="PASS">
          <params>
            <param index="0">
              <value>
                <![CDATA[public void com.sample.tests.NegativeTest.checkMissingName() throws java.lang.Exception]]>
              </value>
            </param>
          </params>
          <reporter-output>
          </reporter-output>
        </test-method> <!-- beforeMethod -->
        <test-method signature="checkMissingName()[pri:2, instance:com.sample.tests.NegativeTest@74960bfa]" started-at="2024-08-06T12:08:04Z" name="checkMissingName" finished-at="2024-08-06T12:08:05Z" duration-ms="961" status="PASS">
          <reporter-output>
          </reporter-output>
        </test-method> <!-- checkMissingName -->
        <test-method is-config="true" signature="afterMethod(org.testng.ITestResult)[pri:0, instance:com.sample.tests.NegativeTest@74960bfa]" started-at="2024-08-06T12:08:05Z" name="afterMethod" finished-at="2024-08-06T12:08:05Z" duration-ms="7" status="PASS">
          <params>
            <param index="0">
              <value>
                <![CDATA[[TestResult name=checkMissingName status=SUCCESS method=NegativeTest.checkMissingName()[pri:2, instance:com.sample.tests.NegativeTest@74960bfa] output={null}]]]>
              </value>
            </param>
          </params>
          <reporter-output>
          </reporter-output>
        </test-method> <!-- afterMethod -->
        <test-method is-config="true" signature="tearDown()[pri:0, instance:com.sample.tests.NegativeTest@74960bfa]" started-at="2024-08-06T12:08:05Z" name="tearDown" finished-at="2024-08-06T12:08:05Z" duration-ms="668" status="PASS">
          <reporter-output>
          </reporter-output>
        </test-method> <!-- tearDown -->
      </class> <!-- com.sample.tests.NegativeTest -->
    </test> <!-- Default test -->
  </suite> <!-- Default suite -->
</testng-results>
